2022-09-12 22:53:56.066 [main] INFO  com.maomao.yygh.hospital.ManageApplication - Starting ManageApplication on qujiajundeMBP.lan with PID 86279 (/Users/maomao/Desktop/yygh/hospital-manage/target/classes started by maomao in /Users/maomao/Desktop/yygh)
2022-09-12 22:53:56.070 [main] INFO  com.maomao.yygh.hospital.ManageApplication - The following profiles are active: dev
2022-09-12 22:53:57.408 [main] INFO  o.s.c.s.PostProcessorRegistrationDelegate$BeanPostProcessorChecker - Bean 'org.springframework.transaction.annotation.ProxyTransactionManagementConfiguration' of type [org.springframework.transaction.annotation.ProxyTransactionManagementConfiguration] is not eligible for getting processed by all BeanPostProcessors (for example: not eligible for auto-proxying)
2022-09-12 22:53:57.600 [main] INFO  o.s.boot.web.embedded.tomcat.TomcatWebServer - Tomcat initialized with port(s): 9998 (http)
2022-09-12 22:53:57.608 [main] INFO  org.apache.coyote.http11.Http11NioProtocol - Initializing ProtocolHandler ["http-nio-9998"]
2022-09-12 22:53:57.608 [main] INFO  org.apache.catalina.core.StandardService - Starting service [Tomcat]
2022-09-12 22:53:57.609 [main] INFO  org.apache.catalina.core.StandardEngine - Starting Servlet engine: [Apache Tomcat/9.0.27]
2022-09-12 22:53:57.681 [main] INFO  o.a.c.core.ContainerBase.[Tomcat].[localhost].[/] - Initializing Spring embedded WebApplicationContext
2022-09-12 22:53:57.682 [main] INFO  org.springframework.web.context.ContextLoader - Root WebApplicationContext: initialization completed in 1462 ms
2022-09-12 22:53:57.856 [main] INFO  com.zaxxer.hikari.HikariDataSource - HikariPool-1 - Starting...
2022-09-12 22:53:58.144 [main] INFO  com.zaxxer.hikari.HikariDataSource - HikariPool-1 - Start completed.
2022-09-12 22:53:58.568 [main] INFO  s.d.s.w.PropertySourcedRequestMappingHandlerMapping - Mapped URL path [/v2/api-docs] onto method [springfox.documentation.swagger2.web.Swagger2Controller#getDocumentation(String, HttpServletRequest)]
2022-09-12 22:53:58.644 [main] INFO  o.s.scheduling.concurrent.ThreadPoolTaskExecutor - Initializing ExecutorService 'applicationTaskExecutor'
2022-09-12 22:53:58.798 [main] INFO  s.d.s.web.plugins.DocumentationPluginsBootstrapper - Context refreshed
2022-09-12 22:53:58.813 [main] INFO  s.d.s.web.plugins.DocumentationPluginsBootstrapper - Found 1 custom documentation plugin(s)
2022-09-12 22:53:58.843 [main] INFO  s.d.spring.web.scanners.ApiListingReferenceScanner - Scanning for api listing references
2022-09-12 22:53:58.861 [main] INFO  org.apache.coyote.http11.Http11NioProtocol - Starting ProtocolHandler ["http-nio-9998"]
2022-09-12 22:53:58.890 [main] INFO  o.s.boot.web.embedded.tomcat.TomcatWebServer - Tomcat started on port(s): 9998 (http) with context path ''
2022-09-12 22:53:58.893 [main] INFO  com.maomao.yygh.hospital.ManageApplication - Started ManageApplication in 3.831 seconds (JVM running for 4.974)
2022-09-12 22:59:50.720 [http-nio-9998-exec-1] INFO  o.a.c.core.ContainerBase.[Tomcat].[localhost].[/] - Initializing Spring DispatcherServlet 'dispatcherServlet'
2022-09-12 22:59:50.722 [http-nio-9998-exec-1] INFO  org.springframework.web.servlet.DispatcherServlet - Initializing Servlet 'dispatcherServlet'
2022-09-12 22:59:50.746 [http-nio-9998-exec-1] INFO  org.springframework.web.servlet.DispatcherServlet - Completed initialization in 23 ms
2022-09-12 23:00:04.324 [http-nio-9998-exec-10] INFO  com.maomao.yygh.hospital.util.HttpRequestHelper - --> 发送请求：post data sign=132a02d6fcde3edf42a386c5704229d1&hoscode=1000_0&timestamp=1662994804316&
2022-09-12 23:00:07.292 [http-nio-9998-exec-6] INFO  com.maomao.yygh.hospital.util.HttpRequestHelper - --> 发送请求：post data limit=10&sign=132a02d6fcde3edf42a386c5704229d1&page=1&hoscode=1000_0&timestamp=1662994807284&
2022-09-12 23:00:08.909 [http-nio-9998-exec-9] INFO  com.maomao.yygh.hospital.util.HttpRequestHelper - --> 发送请求：post data limit=10&sign=132a02d6fcde3edf42a386c5704229d1&page=1&hoscode=1000_0&timestamp=1662994808902&
2022-09-12 23:01:52.316 [SpringContextShutdownHook] INFO  o.s.scheduling.concurrent.ThreadPoolTaskExecutor - Shutting down ExecutorService 'applicationTaskExecutor'
2022-09-12 23:01:52.322 [SpringContextShutdownHook] INFO  com.zaxxer.hikari.HikariDataSource - HikariPool-1 - Shutdown initiated...
2022-09-12 23:01:52.327 [SpringContextShutdownHook] INFO  com.zaxxer.hikari.HikariDataSource - HikariPool-1 - Shutdown completed.
